Flutter crash report.
Please report a bug at https://github.com/flutter/flutter/issues.

## command

flutter run --machine --target lib/main.dart -d chrome --dart-define=flutter.inspector.structuredErrors=true --start-paused --web-server-debug-protocol ws --web-allow-expose-url --devtools-server-address http://127.0.0.1:9101/ --web-renderer=auto

## exception

RPCError: getIsolate: (-32603) getIsolate: Invalid argument (isolateId): Unrecognized isolate id. (Supported isolate: 4654): "3724"
#0      ChromeProxyService._getIsolate (package:dwds/src/services/chrome_proxy_service.dart:542:5)
#1      ChromeProxyService.getIsolate (package:dwds/src/services/chrome_proxy_service.dart:549:12)
<asynchronous suspension>
#2      VmServerConnection._delegateRequest (package:vm_service/src/vm_service.dart:1366:22)
<asynchronous suspension>


```
#0      new _OutstandingRequest (package:vm_service/src/vm_service.dart:1626:45)
#1      VmService._call (package:vm_service/src/vm_service.dart:2109:21)
#2      VmService.getIsolate (package:vm_service/src/vm_service.dart:1866:7)
#3      FlutterVmService.getIsolateOrNull (package:flutter_tools/src/vmservice.dart:898:20)
#4      FlutterVmService.findExtensionIsolate (package:flutter_tools/src/vmservice.dart:864:50)
<asynchronous suspension>
#5      FlutterResidentDevtoolsHandler._waitForExtensionsForDevice (package:flutter_tools/src/resident_devtools_handler.dart:171:7)
<asynchronous suspension>
#6      Future.wait.<anonymous closure> (dart:async/future.dart)
<asynchronous suspension>
#7      FlutterResidentDevtoolsHandler._devicesWithExtensions (package:flutter_tools/src/resident_devtools_handler.dart:161:41)
<asynchronous suspension>
#8      FlutterResidentDevtoolsHandler.hotRestart (package:flutter_tools/src/resident_devtools_handler.dart:238:54)
<asynchronous suspension>
```

## flutter doctor

```
[✓] Flutter (Channel stable, 2.5.3, on Ubuntu 18.04.5 LTS 5.4.0-91-generic, locale en_IN)
    • Flutter version 2.5.3 at /home/nintriva/snap/flutter/common/flutter
    • Upstream repository https://github.com/flutter/flutter.git
    • Framework revision 18116933e7 (7 weeks ago), 2021-10-15 10:46:35 -0700
    • Engine revision d3ea636dc5
    • Dart version 2.14.4

[✓] Android toolchain - develop for Android devices (Android SDK version 30.0.3)
    • Android SDK at /home/nintriva/Android/Sdk
    • Platform android-30, build-tools 30.0.3
    • Java binary at: /usr/bin/java
    • Java version OpenJDK Runtime Environment (build 11.0.11+9-Ubuntu-0ubuntu2.18.04)
    • All Android licenses accepted.

[✓] Chrome - develop for the web
    • Chrome at google-chrome

[!] Android Studio
    • Android Studio at /snap/android-studio/current/android-studio
    • Flutter plugin can be installed from:
      🔨 https://plugins.jetbrains.com/plugin/9212-flutter
    • Dart plugin can be installed from:
      🔨 https://plugins.jetbrains.com/plugin/6351-dart
    ✗ android-studio-dir = /snap/android-studio/current/android-studio
    ✗ Android Studio not found at /snap/android-studio/current/android-studio
    • Try updating or re-installing Android Studio.
    • Consider removing your android-studio-dir setting by running:
      flutter config --android-studio-dir=

[✓] VS Code (version 1.55.2)
    • VS Code at /usr/share/code
    • Flutter extension version 3.22.0

[✓] Connected device (1 available)
    • Chrome (web) • chrome • web-javascript • Google Chrome 90.0.4430.72

! Doctor found issues in 1 category.
```
